lesson9/droidCafeWithSettings/build/intermediates/manifest_merge_blame_file/debug/manifest-merger-blame-debug-report.txt
1<?xml version="1.0" encoding="utf-8"?>
2<manifest xmlns:android="http://schemas.android.com/apk/res/android"
3    package="com.example.android.droidcafeinput"
4    android:versionCode="1"
5    android:versionName="1.0" >
6
7    <uses-sdk
8        android:minSdkVersion="15"
8-->src/main/AndroidManifest.xml
9        android:targetSdkVersion="26" />
9-->src/main/AndroidManifest.xml
10
11    <application
11-->src/main/AndroidManifest.xml:5:5-38:19
12        android:allowBackup="true"
12-->src/main/AndroidManifest.xml:6:9-35
13        android:appComponentFactory="androidx.core.app.CoreComponentFactory"
13-->[androidx.core:core:1.1.0] AndroidManifest.xml:24:18-86
14        android:debuggable="true"
15        android:icon="@mipmap/ic_launcher"
15-->src/main/AndroidManifest.xml:7:9-43
16        android:label="@string/app_name"
16-->src/main/AndroidManifest.xml:8:9-41
17        android:roundIcon="@mipmap/ic_launcher_round"
17-->src/main/AndroidManifest.xml:9:9-54
18        android:supportsRtl="true"
18-->src/main/AndroidManifest.xml:10:9-35
19        android:testOnly="true"
20        android:theme="@style/AppTheme" >
20-->src/main/AndroidManifest.xml:11:9-40
21        <activity
21-->src/main/AndroidManifest.xml:12:9-19:20
22            android:name="com.example.android.droidcafeinput.SettingsActivity"
22-->src/main/AndroidManifest.xml:13:13-45
23            android:label="@string/title_activity_settings"
23-->src/main/AndroidManifest.xml:14:13-60
24            android:parentActivityName="com.example.android.droidcafeinput.MainActivity" >
24-->src/main/AndroidManifest.xml:15:13-55
25            <meta-data
25-->src/main/AndroidManifest.xml:16:13-18:83
26                android:name="android.support.PARENT_ACTIVITY"
26-->src/main/AndroidManifest.xml:17:17-63
27                android:value="com.example.android.droidcafeinput.MainActivity" />
27-->src/main/AndroidManifest.xml:18:17-80
28        </activity>
29        <activity
29-->src/main/AndroidManifest.xml:20:9-29:20
30            android:name="com.example.android.droidcafeinput.MainActivity"
30-->src/main/AndroidManifest.xml:21:13-41
31            android:label="@string/app_name"
31-->src/main/AndroidManifest.xml:22:13-45
32            android:theme="@style/AppTheme.NoActionBar" >
32-->src/main/AndroidManifest.xml:23:13-56
33            <intent-filter>
33-->src/main/AndroidManifest.xml:24:13-28:29
34                <action android:name="android.intent.action.MAIN" />
34-->src/main/AndroidManifest.xml:25:17-69
34-->src/main/AndroidManifest.xml:25:25-66
35
36                <category android:name="android.intent.category.LAUNCHER" />
36-->src/main/AndroidManifest.xml:27:17-77
36-->src/main/AndroidManifest.xml:27:27-74
37            </intent-filter>
38        </activity>
39        <activity
39-->src/main/AndroidManifest.xml:30:9-37:20
40            android:name="com.example.android.droidcafeinput.OrderActivity"
40-->src/main/AndroidManifest.xml:31:13-42
41            android:label="@string/title_activity_order"
41-->src/main/AndroidManifest.xml:32:13-57
42            android:parentActivityName="com.example.android.droidcafeinput.MainActivity" >
42-->src/main/AndroidManifest.xml:33:13-55
43            <meta-data
43-->src/main/AndroidManifest.xml:16:13-18:83
44                android:name="android.support.PARENT_ACTIVITY"
44-->src/main/AndroidManifest.xml:17:17-63
45                android:value=".MainActivity" />
45-->src/main/AndroidManifest.xml:18:17-80
46        </activity>
47    </application>
48
49</manifest>